Function: ExcuteSelectMultiObject
Datetime: 14/06/2017 05:30:00 AM
Error message: ORA-04067: not executed, package body "QLNS.PKG_LOAD_DATA" does not exist
ORA-06508: PL/SQL: could not find program unit being called: "QLNS.PKG_LOAD_DATA"
ORA-06512: at line 1
Stack trace:    at Oracle.DataAccess.Client.OracleException.HandleErrorHelper(Int32 errCode, OracleConnection conn, IntPtr opsErrCtx, OpoSqlValCtx* pOpoSqlValCtx, Object src, String procedure, Boolean bCheck)
   at Oracle.DataAccess.Client.OracleException.HandleError(Int32 errCode, OracleConnection conn, String procedure, IntPtr opsErrCtx, OpoSqlValCtx* pOpoSqlValCtx, Object src, Boolean bCheck)
   at Oracle.DataAccess.Client.OracleCommand.ExecuteReader(Boolean requery, Boolean fillRequest, CommandBehavior behavior)
   at Oracle.DataAccess.Client.OracleCommand.ExecuteReader()
   at DataAccess.DalUtility.LoadObjectListFromDatabase[T](OracleCommand command) in d:\Example\Oracle\OracleDemo\DataAccess\DalUtility.cs:line 144
   at DataAccess.OracleHelper.ExcuteSelectMultiObject[T](String packname, String procname, Object parameter) in d:\Example\Oracle\OracleDemo\DataAccess\OracleHelper.cs:line 33

Function: ExcuteSelectMultiObject
Datetime: 14/06/2017 05:30:09 AM
Error message: ORA-04067: not executed, package body "QLNS.PKG_LOAD_DATA" does not exist
ORA-06508: PL/SQL: could not find program unit being called: "QLNS.PKG_LOAD_DATA"
ORA-06512: at line 1
Stack trace:    at Oracle.DataAccess.Client.OracleException.HandleErrorHelper(Int32 errCode, OracleConnection conn, IntPtr opsErrCtx, OpoSqlValCtx* pOpoSqlValCtx, Object src, String procedure, Boolean bCheck)
   at Oracle.DataAccess.Client.OracleException.HandleError(Int32 errCode, OracleConnection conn, String procedure, IntPtr opsErrCtx, OpoSqlValCtx* pOpoSqlValCtx, Object src, Boolean bCheck)
   at Oracle.DataAccess.Client.OracleCommand.ExecuteReader(Boolean requery, Boolean fillRequest, CommandBehavior behavior)
   at Oracle.DataAccess.Client.OracleCommand.ExecuteReader()
   at DataAccess.DalUtility.LoadObjectListFromDatabase[T](OracleCommand command) in d:\Example\Oracle\OracleDemo\DataAccess\DalUtility.cs:line 144
   at DataAccess.OracleHelper.ExcuteSelectMultiObject[T](String packname, String procname, Object parameter) in d:\Example\Oracle\OracleDemo\DataAccess\OracleHelper.cs:line 33

Function: ExcuteSelectMultiObject
Datetime: 14/06/2017 05:30:10 AM
Error message: ORA-04067: not executed, package body "QLNS.PKG_LOAD_DATA" does not exist
ORA-06508: PL/SQL: could not find program unit being called: "QLNS.PKG_LOAD_DATA"
ORA-06512: at line 1
Stack trace:    at Oracle.DataAccess.Client.OracleException.HandleErrorHelper(Int32 errCode, OracleConnection conn, IntPtr opsErrCtx, OpoSqlValCtx* pOpoSqlValCtx, Object src, String procedure, Boolean bCheck)
   at Oracle.DataAccess.Client.OracleException.HandleError(Int32 errCode, OracleConnection conn, String procedure, IntPtr opsErrCtx, OpoSqlValCtx* pOpoSqlValCtx, Object src, Boolean bCheck)
   at Oracle.DataAccess.Client.OracleCommand.ExecuteReader(Boolean requery, Boolean fillRequest, CommandBehavior behavior)
   at Oracle.DataAccess.Client.OracleCommand.ExecuteReader()
   at DataAccess.DalUtility.LoadObjectListFromDatabase[T](OracleCommand command) in d:\Example\Oracle\OracleDemo\DataAccess\DalUtility.cs:line 144
   at DataAccess.OracleHelper.ExcuteSelectMultiObject[T](String packname, String procname, Object parameter) in d:\Example\Oracle\OracleDemo\DataAccess\OracleHelper.cs:line 33

Function: ExcuteSelectMultiObject
Datetime: 14/06/2017 05:30:10 AM
Error message: ORA-04067: not executed, package body "QLNS.PKG_LOAD_DATA" does not exist
ORA-06508: PL/SQL: could not find program unit being called: "QLNS.PKG_LOAD_DATA"
ORA-06512: at line 1
Stack trace:    at Oracle.DataAccess.Client.OracleException.HandleErrorHelper(Int32 errCode, OracleConnection conn, IntPtr opsErrCtx, OpoSqlValCtx* pOpoSqlValCtx, Object src, String procedure, Boolean bCheck)
   at Oracle.DataAccess.Client.OracleException.HandleError(Int32 errCode, OracleConnection conn, String procedure, IntPtr opsErrCtx, OpoSqlValCtx* pOpoSqlValCtx, Object src, Boolean bCheck)
   at Oracle.DataAccess.Client.OracleCommand.ExecuteReader(Boolean requery, Boolean fillRequest, CommandBehavior behavior)
   at Oracle.DataAccess.Client.OracleCommand.ExecuteReader()
   at DataAccess.DalUtility.LoadObjectListFromDatabase[T](OracleCommand command) in d:\Example\Oracle\OracleDemo\DataAccess\DalUtility.cs:line 144
   at DataAccess.OracleHelper.ExcuteSelectMultiObject[T](String packname, String procname, Object parameter) in d:\Example\Oracle\OracleDemo\DataAccess\OracleHelper.cs:line 33

Function: ExcuteSelectMultiObject
Datetime: 14/06/2017 05:30:11 AM
Error message: ORA-04067: not executed, package body "QLNS.PKG_LOAD_DATA" does not exist
ORA-06508: PL/SQL: could not find program unit being called: "QLNS.PKG_LOAD_DATA"
ORA-06512: at line 1
Stack trace:    at Oracle.DataAccess.Client.OracleException.HandleErrorHelper(Int32 errCode, OracleConnection conn, IntPtr opsErrCtx, OpoSqlValCtx* pOpoSqlValCtx, Object src, String procedure, Boolean bCheck)
   at Oracle.DataAccess.Client.OracleException.HandleError(Int32 errCode, OracleConnection conn, String procedure, IntPtr opsErrCtx, OpoSqlValCtx* pOpoSqlValCtx, Object src, Boolean bCheck)
   at Oracle.DataAccess.Client.OracleCommand.ExecuteReader(Boolean requery, Boolean fillRequest, CommandBehavior behavior)
   at Oracle.DataAccess.Client.OracleCommand.ExecuteReader()
   at DataAccess.DalUtility.LoadObjectListFromDatabase[T](OracleCommand command) in d:\Example\Oracle\OracleDemo\DataAccess\DalUtility.cs:line 144
   at DataAccess.OracleHelper.ExcuteSelectMultiObject[T](String packname, String procname, Object parameter) in d:\Example\Oracle\OracleDemo\DataAccess\OracleHelper.cs:line 33

