Function: ExcuteSelectMultiObject
Datetime: 05/24/2017 1:56:48 PM
Error message: ORA-06550: line 1, column 7:
PLS-00306: wrong number or types of arguments in call to 'GET_ORG'
ORA-06550: line 1, column 7:
PL/SQL: Statement ignored
Stack trace:    at Oracle.DataAccess.Client.OracleException.HandleErrorHelper(Int32 errCode, OracleConnection conn, IntPtr opsErrCtx, OpoSqlValCtx* pOpoSqlValCtx, Object src, String procedure, Boolean bCheck)
   at Oracle.DataAccess.Client.OracleException.HandleError(Int32 errCode, OracleConnection conn, String procedure, IntPtr opsErrCtx, OpoSqlValCtx* pOpoSqlValCtx, Object src, Boolean bCheck)
   at Oracle.DataAccess.Client.OracleCommand.ExecuteReader(Boolean requery, Boolean fillRequest, CommandBehavior behavior)
   at Oracle.DataAccess.Client.OracleCommand.ExecuteReader()
   at DataAccess.DalUtility.LoadObjectListFromDatabase[T](OracleCommand command) in d:\Example\Oracle\OracleDemo\DataAccess\DalUtility.cs:line 144
   at DataAccess.OracleHelper.ExcuteSelectMultiObject[T](String packname, String procname, Object parameter) in d:\Example\Oracle\OracleDemo\DataAccess\OracleHelper.cs:line 33

Function: ExcuteSelectMultiObject
Datetime: 05/24/2017 2:01:41 PM
Error message: ORA-06550: line 1, column 7:
PLS-00306: wrong number or types of arguments in call to 'GET_ORG'
ORA-06550: line 1, column 7:
PL/SQL: Statement ignored
Stack trace:    at Oracle.DataAccess.Client.OracleException.HandleErrorHelper(Int32 errCode, OracleConnection conn, IntPtr opsErrCtx, OpoSqlValCtx* pOpoSqlValCtx, Object src, String procedure, Boolean bCheck)
   at Oracle.DataAccess.Client.OracleException.HandleError(Int32 errCode, OracleConnection conn, String procedure, IntPtr opsErrCtx, OpoSqlValCtx* pOpoSqlValCtx, Object src, Boolean bCheck)
   at Oracle.DataAccess.Client.OracleCommand.ExecuteReader(Boolean requery, Boolean fillRequest, CommandBehavior behavior)
   at Oracle.DataAccess.Client.OracleCommand.ExecuteReader()
   at DataAccess.DalUtility.LoadObjectListFromDatabase[T](OracleCommand command) in d:\Example\Oracle\OracleDemo\DataAccess\DalUtility.cs:line 144
   at DataAccess.OracleHelper.ExcuteSelectMultiObject[T](String packname, String procname, Object parameter) in d:\Example\Oracle\OracleDemo\DataAccess\OracleHelper.cs:line 33

Function: ExcuteSelectMultiObject
Datetime: 05/24/2017 2:01:56 PM
Error message: ORA-06550: line 1, column 7:
PLS-00306: wrong number or types of arguments in call to 'GET_ORG'
ORA-06550: line 1, column 7:
PL/SQL: Statement ignored
Stack trace:    at Oracle.DataAccess.Client.OracleException.HandleErrorHelper(Int32 errCode, OracleConnection conn, IntPtr opsErrCtx, OpoSqlValCtx* pOpoSqlValCtx, Object src, String procedure, Boolean bCheck)
   at Oracle.DataAccess.Client.OracleException.HandleError(Int32 errCode, OracleConnection conn, String procedure, IntPtr opsErrCtx, OpoSqlValCtx* pOpoSqlValCtx, Object src, Boolean bCheck)
   at Oracle.DataAccess.Client.OracleCommand.ExecuteReader(Boolean requery, Boolean fillRequest, CommandBehavior behavior)
   at Oracle.DataAccess.Client.OracleCommand.ExecuteReader()
   at DataAccess.DalUtility.LoadObjectListFromDatabase[T](OracleCommand command) in d:\Example\Oracle\OracleDemo\DataAccess\DalUtility.cs:line 144
   at DataAccess.OracleHelper.ExcuteSelectMultiObject[T](String packname, String procname, Object parameter) in d:\Example\Oracle\OracleDemo\DataAccess\OracleHelper.cs:line 33

Function: ExcuteSelectMultiObject
Datetime: 05/24/2017 2:05:58 PM
Error message: ORA-06550: line 1, column 7:
PLS-00306: wrong number or types of arguments in call to 'GET_ORG'
ORA-06550: line 1, column 7:
PL/SQL: Statement ignored
Stack trace:    at Oracle.DataAccess.Client.OracleException.HandleErrorHelper(Int32 errCode, OracleConnection conn, IntPtr opsErrCtx, OpoSqlValCtx* pOpoSqlValCtx, Object src, String procedure, Boolean bCheck)
   at Oracle.DataAccess.Client.OracleException.HandleError(Int32 errCode, OracleConnection conn, String procedure, IntPtr opsErrCtx, OpoSqlValCtx* pOpoSqlValCtx, Object src, Boolean bCheck)
   at Oracle.DataAccess.Client.OracleCommand.ExecuteReader(Boolean requery, Boolean fillRequest, CommandBehavior behavior)
   at Oracle.DataAccess.Client.OracleCommand.ExecuteReader()
   at DataAccess.DalUtility.LoadObjectListFromDatabase[T](OracleCommand command) in d:\Example\Oracle\OracleDemo\DataAccess\DalUtility.cs:line 144
   at DataAccess.OracleHelper.ExcuteSelectMultiObject[T](String packname, String procname, Object parameter) in d:\Example\Oracle\OracleDemo\DataAccess\OracleHelper.cs:line 33

Function: ExcuteSelectMultiObject
Datetime: 05/24/2017 2:06:40 PM
Error message: ORA-06550: line 1, column 7:
PLS-00306: wrong number or types of arguments in call to 'GET_ORG'
ORA-06550: line 1, column 7:
PL/SQL: Statement ignored
Stack trace:    at Oracle.DataAccess.Client.OracleException.HandleErrorHelper(Int32 errCode, OracleConnection conn, IntPtr opsErrCtx, OpoSqlValCtx* pOpoSqlValCtx, Object src, String procedure, Boolean bCheck)
   at Oracle.DataAccess.Client.OracleException.HandleError(Int32 errCode, OracleConnection conn, String procedure, IntPtr opsErrCtx, OpoSqlValCtx* pOpoSqlValCtx, Object src, Boolean bCheck)
   at Oracle.DataAccess.Client.OracleCommand.ExecuteReader(Boolean requery, Boolean fillRequest, CommandBehavior behavior)
   at Oracle.DataAccess.Client.OracleCommand.ExecuteReader()
   at DataAccess.DalUtility.LoadObjectListFromDatabase[T](OracleCommand command) in d:\Example\Oracle\OracleDemo\DataAccess\DalUtility.cs:line 144
   at DataAccess.OracleHelper.ExcuteSelectMultiObject[T](String packname, String procname, Object parameter) in d:\Example\Oracle\OracleDemo\DataAccess\OracleHelper.cs:line 33

Function: ExcuteSelectMultiObject
Datetime: 05/24/2017 2:10:19 PM
Error message: ORA-06550: line 1, column 7:
PLS-00306: wrong number or types of arguments in call to 'GET_ORG'
ORA-06550: line 1, column 7:
PL/SQL: Statement ignored
Stack trace:    at Oracle.DataAccess.Client.OracleException.HandleErrorHelper(Int32 errCode, OracleConnection conn, IntPtr opsErrCtx, OpoSqlValCtx* pOpoSqlValCtx, Object src, String procedure, Boolean bCheck)
   at Oracle.DataAccess.Client.OracleException.HandleError(Int32 errCode, OracleConnection conn, String procedure, IntPtr opsErrCtx, OpoSqlValCtx* pOpoSqlValCtx, Object src, Boolean bCheck)
   at Oracle.DataAccess.Client.OracleCommand.ExecuteReader(Boolean requery, Boolean fillRequest, CommandBehavior behavior)
   at Oracle.DataAccess.Client.OracleCommand.ExecuteReader()
   at DataAccess.DalUtility.LoadObjectListFromDatabase[T](OracleCommand command) in d:\Example\Oracle\OracleDemo\DataAccess\DalUtility.cs:line 144
   at DataAccess.OracleHelper.ExcuteSelectMultiObject[T](String packname, String procname, Object parameter) in d:\Example\Oracle\OracleDemo\DataAccess\OracleHelper.cs:line 33

Function: ExcuteSelectMultiObject
Datetime: 05/24/2017 2:10:32 PM
Error message: ORA-06550: line 1, column 7:
PLS-00306: wrong number or types of arguments in call to 'GET_ORG'
ORA-06550: line 1, column 7:
PL/SQL: Statement ignored
Stack trace:    at Oracle.DataAccess.Client.OracleException.HandleErrorHelper(Int32 errCode, OracleConnection conn, IntPtr opsErrCtx, OpoSqlValCtx* pOpoSqlValCtx, Object src, String procedure, Boolean bCheck)
   at Oracle.DataAccess.Client.OracleException.HandleError(Int32 errCode, OracleConnection conn, String procedure, IntPtr opsErrCtx, OpoSqlValCtx* pOpoSqlValCtx, Object src, Boolean bCheck)
   at Oracle.DataAccess.Client.OracleCommand.ExecuteReader(Boolean requery, Boolean fillRequest, CommandBehavior behavior)
   at Oracle.DataAccess.Client.OracleCommand.ExecuteReader()
   at DataAccess.DalUtility.LoadObjectListFromDatabase[T](OracleCommand command) in d:\Example\Oracle\OracleDemo\DataAccess\DalUtility.cs:line 144
   at DataAccess.OracleHelper.ExcuteSelectMultiObject[T](String packname, String procname, Object parameter) in d:\Example\Oracle\OracleDemo\DataAccess\OracleHelper.cs:line 33

Function: ExcuteSelectMultiObject
Datetime: 05/24/2017 2:23:21 PM
Error message: ORA-06550: line 1, column 14:
PLS-00103: Encountered the symbol "." when expecting one of the following:

   := . ( @ % ;
The symbol ":= was inserted before "." to continue.
Stack trace:    at Oracle.DataAccess.Client.OracleException.HandleErrorHelper(Int32 errCode, OracleConnection conn, IntPtr opsErrCtx, OpoSqlValCtx* pOpoSqlValCtx, Object src, String procedure, Boolean bCheck)
   at Oracle.DataAccess.Client.OracleException.HandleError(Int32 errCode, OracleConnection conn, String procedure, IntPtr opsErrCtx, OpoSqlValCtx* pOpoSqlValCtx, Object src, Boolean bCheck)
   at Oracle.DataAccess.Client.OracleCommand.ExecuteReader(Boolean requery, Boolean fillRequest, CommandBehavior behavior)
   at Oracle.DataAccess.Client.OracleCommand.ExecuteReader()
   at DataAccess.DalUtility.LoadObjectListFromDatabase[T](OracleCommand command) in d:\Example\Oracle\OracleDemo\DataAccess\DalUtility.cs:line 144
   at DataAccess.OracleHelper.ExcuteSelectMultiObject[T](String packname, String procname, Object parameter) in d:\Example\Oracle\OracleDemo\DataAccess\OracleHelper.cs:line 33

Function: ExcuteSelectMultiObject
Datetime: 05/24/2017 2:23:47 PM
Error message: ORA-06550: line 1, column 14:
PLS-00103: Encountered the symbol "." when expecting one of the following:

   := . ( @ % ;
The symbol ":= was inserted before "." to continue.
Stack trace:    at Oracle.DataAccess.Client.OracleException.HandleErrorHelper(Int32 errCode, OracleConnection conn, IntPtr opsErrCtx, OpoSqlValCtx* pOpoSqlValCtx, Object src, String procedure, Boolean bCheck)
   at Oracle.DataAccess.Client.OracleException.HandleError(Int32 errCode, OracleConnection conn, String procedure, IntPtr opsErrCtx, OpoSqlValCtx* pOpoSqlValCtx, Object src, Boolean bCheck)
   at Oracle.DataAccess.Client.OracleCommand.ExecuteReader(Boolean requery, Boolean fillRequest, CommandBehavior behavior)
   at Oracle.DataAccess.Client.OracleCommand.ExecuteReader()
   at DataAccess.DalUtility.LoadObjectListFromDatabase[T](OracleCommand command) in d:\Example\Oracle\OracleDemo\DataAccess\DalUtility.cs:line 144
   at DataAccess.OracleHelper.ExcuteSelectMultiObject[T](String packname, String procname, Object parameter) in d:\Example\Oracle\OracleDemo\DataAccess\OracleHelper.cs:line 33

