Function: ExcuteNonQuery
Datetime: 06/07/2017 10:17:19 AM
Error message: ORA-06550: line 1, column 7:
PLS-00306: wrong number or types of arguments in call to 'INSERT_EMPLOYEE'
ORA-06550: line 1, column 7:
PL/SQL: Statement ignored
Stack trace:    at Oracle.DataAccess.Client.OracleException.HandleErrorHelper(Int32 errCode, OracleConnection conn, IntPtr opsErrCtx, OpoSqlValCtx* pOpoSqlValCtx, Object src, String procedure, Boolean bCheck)
   at Oracle.DataAccess.Client.OracleException.HandleError(Int32 errCode, OracleConnection conn, String procedure, IntPtr opsErrCtx, OpoSqlValCtx* pOpoSqlValCtx, Object src, Boolean bCheck)
   at Oracle.DataAccess.Client.OracleCommand.ExecuteNonQuery()
   at DataAccess.OracleHelper.ExcuteNonQuery(String packname, String procname, Object parameter) in d:\Example\Oracle\OracleDemo\DataAccess\OracleHelper.cs:line 101

Function: ExcuteNonQuery
Datetime: 06/07/2017 10:17:22 AM
Error message: ORA-1858: a non-numeric character was found where a numeric was expected
Stack trace:    at Oracle.DataAccess.Types.OracleTimeStamp..ctor(String tsStr)
   at Oracle.DataAccess.Client.OracleParameter.PreBind_TimeStamp(OracleConnection conn, IntPtr errCtx)
   at Oracle.DataAccess.Client.OracleParameter.PreBind(OracleConnection conn, IntPtr errCtx, Int32 arraySize)
   at Oracle.DataAccess.Client.OracleCommand.ExecuteNonQuery()
   at DataAccess.OracleHelper.ExcuteNonQuery(String packname, String procname, Object parameter) in d:\Example\Oracle\OracleDemo\DataAccess\OracleHelper.cs:line 101

Function: ExcuteNonQuery
Datetime: 06/07/2017 10:19:25 AM
Error message: ORA-06550: line 1, column 7:
PLS-00703: multiple instances of named argument in list
ORA-06550: line 1, column 7:
PL/SQL: Statement ignored
Stack trace:    at Oracle.DataAccess.Client.OracleException.HandleErrorHelper(Int32 errCode, OracleConnection conn, IntPtr opsErrCtx, OpoSqlValCtx* pOpoSqlValCtx, Object src, String procedure, Boolean bCheck)
   at Oracle.DataAccess.Client.OracleException.HandleError(Int32 errCode, OracleConnection conn, String procedure, IntPtr opsErrCtx, OpoSqlValCtx* pOpoSqlValCtx, Object src, Boolean bCheck)
   at Oracle.DataAccess.Client.OracleCommand.ExecuteNonQuery()
   at DataAccess.OracleHelper.ExcuteNonQuery(String packname, String procname, Object parameter) in d:\Example\Oracle\OracleDemo\DataAccess\OracleHelper.cs:line 101

Function: ExcuteNonQuery
Datetime: 06/07/2017 10:19:25 AM
Error message: ORA-1858: a non-numeric character was found where a numeric was expected
Stack trace:    at Oracle.DataAccess.Types.OracleTimeStamp..ctor(String tsStr)
   at Oracle.DataAccess.Client.OracleParameter.PreBind_TimeStamp(OracleConnection conn, IntPtr errCtx)
   at Oracle.DataAccess.Client.OracleParameter.PreBind(OracleConnection conn, IntPtr errCtx, Int32 arraySize)
   at Oracle.DataAccess.Client.OracleCommand.ExecuteNonQuery()
   at DataAccess.OracleHelper.ExcuteNonQuery(String packname, String procname, Object parameter) in d:\Example\Oracle\OracleDemo\DataAccess\OracleHelper.cs:line 101

Function: ExcuteNonQuery
Datetime: 06/07/2017 10:26:02 AM
Error message: ORA-1858: a non-numeric character was found where a numeric was expected
Stack trace:    at Oracle.DataAccess.Types.OracleTimeStamp..ctor(String tsStr)
   at Oracle.DataAccess.Client.OracleParameter.PreBind_TimeStamp(OracleConnection conn, IntPtr errCtx)
   at Oracle.DataAccess.Client.OracleParameter.PreBind(OracleConnection conn, IntPtr errCtx, Int32 arraySize)
   at Oracle.DataAccess.Client.OracleCommand.ExecuteNonQuery()
   at DataAccess.OracleHelper.ExcuteNonQuery(String packname, String procname, Object parameter) in d:\Example\Oracle\OracleDemo\DataAccess\OracleHelper.cs:line 101

Function: ExcuteNonQuery
Datetime: 06/07/2017 10:32:05 AM
Error message: ORA-1858: a non-numeric character was found where a numeric was expected
Stack trace:    at Oracle.DataAccess.Types.OracleTimeStamp..ctor(String tsStr)
   at Oracle.DataAccess.Client.OracleParameter.PreBind_TimeStamp(OracleConnection conn, IntPtr errCtx)
   at Oracle.DataAccess.Client.OracleParameter.PreBind(OracleConnection conn, IntPtr errCtx, Int32 arraySize)
   at Oracle.DataAccess.Client.OracleCommand.ExecuteNonQuery()
   at DataAccess.OracleHelper.ExcuteNonQuery(String packname, String procname, Object parameter) in d:\Example\Oracle\OracleDemo\DataAccess\OracleHelper.cs:line 101

Function: ExcuteNonQuery
Datetime: 06/07/2017 10:45:22 AM
Error message: ORA-1858: a non-numeric character was found where a numeric was expected
Stack trace:    at Oracle.DataAccess.Types.OracleTimeStamp..ctor(String tsStr)
   at Oracle.DataAccess.Client.OracleParameter.PreBind_TimeStamp(OracleConnection conn, IntPtr errCtx)
   at Oracle.DataAccess.Client.OracleParameter.PreBind(OracleConnection conn, IntPtr errCtx, Int32 arraySize)
   at Oracle.DataAccess.Client.OracleCommand.ExecuteNonQuery()
   at DataAccess.OracleHelper.ExcuteNonQuery(String packname, String procname, Object parameter) in d:\Example\Oracle\OracleDemo\DataAccess\OracleHelper.cs:line 101

Function: ExcuteNonQuery
Datetime: 06/07/2017 10:50:10 AM
Error message: ORA-1858: a non-numeric character was found where a numeric was expected
Stack trace:    at Oracle.DataAccess.Types.OracleTimeStamp..ctor(String tsStr)
   at Oracle.DataAccess.Client.OracleParameter.PreBind_TimeStamp(OracleConnection conn, IntPtr errCtx)
   at Oracle.DataAccess.Client.OracleParameter.PreBind(OracleConnection conn, IntPtr errCtx, Int32 arraySize)
   at Oracle.DataAccess.Client.OracleCommand.ExecuteNonQuery()
   at DataAccess.OracleHelper.ExcuteNonQuery(String packname, String procname, Object parameter) in d:\Example\Oracle\OracleDemo\DataAccess\OracleHelper.cs:line 101

Function: ExcuteNonQuery
Datetime: 06/07/2017 10:57:38 AM
Error message: ORA-1858: a non-numeric character was found where a numeric was expected
Stack trace:    at Oracle.DataAccess.Types.OracleTimeStamp..ctor(String tsStr)
   at Oracle.DataAccess.Client.OracleParameter.PreBind_TimeStamp(OracleConnection conn, IntPtr errCtx)
   at Oracle.DataAccess.Client.OracleParameter.PreBind(OracleConnection conn, IntPtr errCtx, Int32 arraySize)
   at Oracle.DataAccess.Client.OracleCommand.ExecuteNonQuery()
   at DataAccess.OracleHelper.ExcuteNonQuery(String packname, String procname, Object parameter) in d:\Example\Oracle\OracleDemo\DataAccess\OracleHelper.cs:line 101

Function: ExcuteNonQuery
Datetime: 06/07/2017 11:01:04 AM
Error message: ORA-1858: a non-numeric character was found where a numeric was expected
Stack trace:    at Oracle.DataAccess.Types.OracleTimeStamp..ctor(String tsStr)
   at Oracle.DataAccess.Client.OracleParameter.PreBind_TimeStamp(OracleConnection conn, IntPtr errCtx)
   at Oracle.DataAccess.Client.OracleParameter.PreBind(OracleConnection conn, IntPtr errCtx, Int32 arraySize)
   at Oracle.DataAccess.Client.OracleCommand.ExecuteNonQuery()
   at DataAccess.OracleHelper.ExcuteNonQuery(String packname, String procname, Object parameter) in d:\Example\Oracle\OracleDemo\DataAccess\OracleHelper.cs:line 101

Function: ExcuteNonQuery
Datetime: 06/07/2017 11:04:57 AM
Error message: ORA-1858: a non-numeric character was found where a numeric was expected
Stack trace:    at Oracle.DataAccess.Types.OracleTimeStamp..ctor(String tsStr)
   at Oracle.DataAccess.Client.OracleParameter.PreBind_TimeStamp(OracleConnection conn, IntPtr errCtx)
   at Oracle.DataAccess.Client.OracleParameter.PreBind(OracleConnection conn, IntPtr errCtx, Int32 arraySize)
   at Oracle.DataAccess.Client.OracleCommand.ExecuteNonQuery()
   at DataAccess.OracleHelper.ExcuteNonQuery(String packname, String procname, Object parameter) in d:\Example\Oracle\OracleDemo\DataAccess\OracleHelper.cs:line 101

Function: ExcuteNonQuery
Datetime: 06/07/2017 11:05:46 AM
Error message: ORA-1858: a non-numeric character was found where a numeric was expected
Stack trace:    at Oracle.DataAccess.Types.OracleTimeStamp..ctor(String tsStr)
   at Oracle.DataAccess.Client.OracleParameter.PreBind_TimeStamp(OracleConnection conn, IntPtr errCtx)
   at Oracle.DataAccess.Client.OracleParameter.PreBind(OracleConnection conn, IntPtr errCtx, Int32 arraySize)
   at Oracle.DataAccess.Client.OracleCommand.ExecuteNonQuery()
   at DataAccess.OracleHelper.ExcuteNonQuery(String packname, String procname, Object parameter) in d:\Example\Oracle\OracleDemo\DataAccess\OracleHelper.cs:line 101

Function: ExcuteNonQuery
Datetime: 06/07/2017 11:08:06 AM
Error message: ORA-1858: a non-numeric character was found where a numeric was expected
Stack trace:    at Oracle.DataAccess.Types.OracleTimeStamp..ctor(String tsStr)
   at Oracle.DataAccess.Client.OracleParameter.PreBind_TimeStamp(OracleConnection conn, IntPtr errCtx)
   at Oracle.DataAccess.Client.OracleParameter.PreBind(OracleConnection conn, IntPtr errCtx, Int32 arraySize)
   at Oracle.DataAccess.Client.OracleCommand.ExecuteNonQuery()
   at DataAccess.OracleHelper.ExcuteNonQuery(String packname, String procname, Object parameter) in d:\Example\Oracle\OracleDemo\DataAccess\OracleHelper.cs:line 101

Function: ExcuteNonQuery
Datetime: 06/07/2017 11:20:19 AM
Error message: ORA-1858: a non-numeric character was found where a numeric was expected
Stack trace:    at Oracle.DataAccess.Types.OracleTimeStamp..ctor(String tsStr)
   at Oracle.DataAccess.Client.OracleParameter.PreBind_TimeStamp(OracleConnection conn, IntPtr errCtx)
   at Oracle.DataAccess.Client.OracleParameter.PreBind(OracleConnection conn, IntPtr errCtx, Int32 arraySize)
   at Oracle.DataAccess.Client.OracleCommand.ExecuteNonQuery()
   at DataAccess.OracleHelper.ExcuteNonQuery(String packname, String procname, Object parameter) in d:\Example\Oracle\OracleDemo\DataAccess\OracleHelper.cs:line 101

Function: ExcuteNonQuery
Datetime: 06/07/2017 11:22:26 AM
Error message: ORA-1858: a non-numeric character was found where a numeric was expected
Stack trace:    at Oracle.DataAccess.Types.OracleTimeStamp..ctor(String tsStr)
   at Oracle.DataAccess.Client.OracleParameter.PreBind_TimeStamp(OracleConnection conn, IntPtr errCtx)
   at Oracle.DataAccess.Client.OracleParameter.PreBind(OracleConnection conn, IntPtr errCtx, Int32 arraySize)
   at Oracle.DataAccess.Client.OracleCommand.ExecuteNonQuery()
   at DataAccess.OracleHelper.ExcuteNonQuery(String packname, String procname, Object parameter) in d:\Example\Oracle\OracleDemo\DataAccess\OracleHelper.cs:line 101

Function: ExcuteNonQuery
Datetime: 06/07/2017 11:30:48 AM
Error message: ORA-1858: a non-numeric character was found where a numeric was expected
Stack trace:    at Oracle.DataAccess.Types.OracleTimeStamp..ctor(String tsStr)
   at Oracle.DataAccess.Client.OracleParameter.PreBind_TimeStamp(OracleConnection conn, IntPtr errCtx)
   at Oracle.DataAccess.Client.OracleParameter.PreBind(OracleConnection conn, IntPtr errCtx, Int32 arraySize)
   at Oracle.DataAccess.Client.OracleCommand.ExecuteNonQuery()
   at DataAccess.OracleHelper.ExcuteNonQuery(String packname, String procname, Object parameter) in d:\Example\Oracle\OracleDemo\DataAccess\OracleHelper.cs:line 101

Function: ExcuteNonQuery
Datetime: 06/07/2017 11:42:24 AM
Error message: ORA-1858: a non-numeric character was found where a numeric was expected
Stack trace:    at Oracle.DataAccess.Types.OracleTimeStamp..ctor(String tsStr)
   at Oracle.DataAccess.Client.OracleParameter.PreBind_TimeStamp(OracleConnection conn, IntPtr errCtx)
   at Oracle.DataAccess.Client.OracleParameter.PreBind(OracleConnection conn, IntPtr errCtx, Int32 arraySize)
   at Oracle.DataAccess.Client.OracleCommand.ExecuteNonQuery()
   at DataAccess.OracleHelper.ExcuteNonQuery(String packname, String procname, Object parameter) in d:\Example\Oracle\OracleDemo\DataAccess\OracleHelper.cs:line 101

Function: ExcuteNonQuery
Datetime: 06/07/2017 11:46:12 AM
Error message: ORA-1858: a non-numeric character was found where a numeric was expected
Stack trace:    at Oracle.DataAccess.Types.OracleTimeStamp..ctor(String tsStr)
   at Oracle.DataAccess.Client.OracleParameter.PreBind_TimeStamp(OracleConnection conn, IntPtr errCtx)
   at Oracle.DataAccess.Client.OracleParameter.PreBind(OracleConnection conn, IntPtr errCtx, Int32 arraySize)
   at Oracle.DataAccess.Client.OracleCommand.ExecuteNonQuery()
   at DataAccess.OracleHelper.ExcuteNonQuery(String packname, String procname, Object parameter) in d:\Example\Oracle\OracleDemo\DataAccess\OracleHelper.cs:line 101

Function: ExcuteNonQuery
Datetime: 06/07/2017 11:50:23 AM
Error message: ORA-1858: a non-numeric character was found where a numeric was expected
Stack trace:    at Oracle.DataAccess.Types.OracleTimeStamp..ctor(String tsStr)
   at Oracle.DataAccess.Client.OracleParameter.PreBind_TimeStamp(OracleConnection conn, IntPtr errCtx)
   at Oracle.DataAccess.Client.OracleParameter.PreBind(OracleConnection conn, IntPtr errCtx, Int32 arraySize)
   at Oracle.DataAccess.Client.OracleCommand.ExecuteNonQuery()
   at DataAccess.OracleHelper.ExcuteNonQuery(String packname, String procname, Object parameter) in d:\Example\Oracle\OracleDemo\DataAccess\OracleHelper.cs:line 101

Function: ExcuteNonQuery
Datetime: 06/07/2017 12:40:10 PM
Error message: ORA-1858: a non-numeric character was found where a numeric was expected
Stack trace:    at Oracle.DataAccess.Types.OracleTimeStamp..ctor(String tsStr)
   at Oracle.DataAccess.Client.OracleParameter.PreBind_TimeStamp(OracleConnection conn, IntPtr errCtx)
   at Oracle.DataAccess.Client.OracleParameter.PreBind(OracleConnection conn, IntPtr errCtx, Int32 arraySize)
   at Oracle.DataAccess.Client.OracleCommand.ExecuteNonQuery()
   at DataAccess.OracleHelper.ExcuteNonQuery(String packname, String procname, Object parameter) in d:\Example\Oracle\OracleDemo\DataAccess\OracleHelper.cs:line 101

Function: ExcuteNonQuery
Datetime: 06/07/2017 12:50:19 PM
Error message: ORA-1858: a non-numeric character was found where a numeric was expected
Stack trace:    at Oracle.DataAccess.Types.OracleTimeStamp..ctor(String tsStr)
   at Oracle.DataAccess.Client.OracleParameter.PreBind_TimeStamp(OracleConnection conn, IntPtr errCtx)
   at Oracle.DataAccess.Client.OracleParameter.PreBind(OracleConnection conn, IntPtr errCtx, Int32 arraySize)
   at Oracle.DataAccess.Client.OracleCommand.ExecuteNonQuery()
   at DataAccess.OracleHelper.ExcuteNonQuery(String packname, String procname, Object parameter) in d:\Example\Oracle\OracleDemo\DataAccess\OracleHelper.cs:line 101

Function: ExcuteNonQuery
Datetime: 06/07/2017 1:02:28 PM
Error message: ORA-06550: line 1, column 7:
PLS-00306: wrong number or types of arguments in call to 'INSERT_EMPLOYEE'
ORA-06550: line 1, column 7:
PL/SQL: Statement ignored
Stack trace:    at Oracle.DataAccess.Client.OracleException.HandleErrorHelper(Int32 errCode, OracleConnection conn, IntPtr opsErrCtx, OpoSqlValCtx* pOpoSqlValCtx, Object src, String procedure, Boolean bCheck)
   at Oracle.DataAccess.Client.OracleException.HandleError(Int32 errCode, OracleConnection conn, String procedure, IntPtr opsErrCtx, OpoSqlValCtx* pOpoSqlValCtx, Object src, Boolean bCheck)
   at Oracle.DataAccess.Client.OracleCommand.ExecuteNonQuery()
   at DataAccess.OracleHelper.ExcuteNonQuery(String packname, String procname, Object parameter) in d:\Example\Oracle\OracleDemo\DataAccess\OracleHelper.cs:line 101

Function: ExcuteNonQuery
Datetime: 06/07/2017 1:02:35 PM
Error message: ORA-06550: line 1, column 7:
PLS-00306: wrong number or types of arguments in call to 'INSERT_EMPLOYEE'
ORA-06550: line 1, column 7:
PL/SQL: Statement ignored
Stack trace:    at Oracle.DataAccess.Client.OracleException.HandleErrorHelper(Int32 errCode, OracleConnection conn, IntPtr opsErrCtx, OpoSqlValCtx* pOpoSqlValCtx, Object src, String procedure, Boolean bCheck)
   at Oracle.DataAccess.Client.OracleException.HandleError(Int32 errCode, OracleConnection conn, String procedure, IntPtr opsErrCtx, OpoSqlValCtx* pOpoSqlValCtx, Object src, Boolean bCheck)
   at Oracle.DataAccess.Client.OracleCommand.ExecuteNonQuery()
   at DataAccess.OracleHelper.ExcuteNonQuery(String packname, String procname, Object parameter) in d:\Example\Oracle\OracleDemo\DataAccess\OracleHelper.cs:line 101

Function: ExcuteNonQuery
Datetime: 06/07/2017 1:03:50 PM
Error message: ORA-06550: line 1, column 7:
PLS-00306: wrong number or types of arguments in call to 'INSERT_EMPLOYEE'
ORA-06550: line 1, column 7:
PL/SQL: Statement ignored
Stack trace:    at Oracle.DataAccess.Client.OracleException.HandleErrorHelper(Int32 errCode, OracleConnection conn, IntPtr opsErrCtx, OpoSqlValCtx* pOpoSqlValCtx, Object src, String procedure, Boolean bCheck)
   at Oracle.DataAccess.Client.OracleException.HandleError(Int32 errCode, OracleConnection conn, String procedure, IntPtr opsErrCtx, OpoSqlValCtx* pOpoSqlValCtx, Object src, Boolean bCheck)
   at Oracle.DataAccess.Client.OracleCommand.ExecuteNonQuery()
   at DataAccess.OracleHelper.ExcuteNonQuery(String packname, String procname, Object parameter) in d:\Example\Oracle\OracleDemo\DataAccess\OracleHelper.cs:line 101

Function: ExcuteNonQuery
Datetime: 06/07/2017 1:03:55 PM
Error message: ORA-06550: line 1, column 7:
PLS-00306: wrong number or types of arguments in call to 'INSERT_EMPLOYEE'
ORA-06550: line 1, column 7:
PL/SQL: Statement ignored
Stack trace:    at Oracle.DataAccess.Client.OracleException.HandleErrorHelper(Int32 errCode, OracleConnection conn, IntPtr opsErrCtx, OpoSqlValCtx* pOpoSqlValCtx, Object src, String procedure, Boolean bCheck)
   at Oracle.DataAccess.Client.OracleException.HandleError(Int32 errCode, OracleConnection conn, String procedure, IntPtr opsErrCtx, OpoSqlValCtx* pOpoSqlValCtx, Object src, Boolean bCheck)
   at Oracle.DataAccess.Client.OracleCommand.ExecuteNonQuery()
   at DataAccess.OracleHelper.ExcuteNonQuery(String packname, String procname, Object parameter) in d:\Example\Oracle\OracleDemo\DataAccess\OracleHelper.cs:line 101

Function: ExcuteNonQuery
Datetime: 06/07/2017 1:47:58 PM
Error message: ORA-06550: line 1, column 7:
PLS-00306: wrong number or types of arguments in call to 'INSERT_EMPLOYEE'
ORA-06550: line 1, column 7:
PL/SQL: Statement ignored
Stack trace:    at Oracle.DataAccess.Client.OracleException.HandleErrorHelper(Int32 errCode, OracleConnection conn, IntPtr opsErrCtx, OpoSqlValCtx* pOpoSqlValCtx, Object src, String procedure, Boolean bCheck)
   at Oracle.DataAccess.Client.OracleException.HandleError(Int32 errCode, OracleConnection conn, String procedure, IntPtr opsErrCtx, OpoSqlValCtx* pOpoSqlValCtx, Object src, Boolean bCheck)
   at Oracle.DataAccess.Client.OracleCommand.ExecuteNonQuery()
   at DataAccess.OracleHelper.ExcuteNonQuery(String packname, String procname, Object parameter) in d:\Example\Oracle\OracleDemo\DataAccess\OracleHelper.cs:line 101

Function: ExcuteNonQuery
Datetime: 06/07/2017 2:03:27 PM
Error message: ORA-06550: line 1, column 7:
PLS-00306: wrong number or types of arguments in call to 'INSERT_EMPLOYEE'
ORA-06550: line 1, column 7:
PL/SQL: Statement ignored
Stack trace:    at Oracle.DataAccess.Client.OracleException.HandleErrorHelper(Int32 errCode, OracleConnection conn, IntPtr opsErrCtx, OpoSqlValCtx* pOpoSqlValCtx, Object src, String procedure, Boolean bCheck)
   at Oracle.DataAccess.Client.OracleException.HandleError(Int32 errCode, OracleConnection conn, String procedure, IntPtr opsErrCtx, OpoSqlValCtx* pOpoSqlValCtx, Object src, Boolean bCheck)
   at Oracle.DataAccess.Client.OracleCommand.ExecuteNonQuery()
   at DataAccess.OracleHelper.ExcuteNonQuery(String packname, String procname, Object parameter) in d:\Example\Oracle\OracleDemo\DataAccess\OracleHelper.cs:line 101

Function: ExcuteNonQuery
Datetime: 06/07/2017 2:12:57 PM
Error message: ORA-06550: line 1, column 7:
PLS-00306: wrong number or types of arguments in call to 'INSERT_EMPLOYEE'
ORA-06550: line 1, column 7:
PL/SQL: Statement ignored
Stack trace:    at Oracle.DataAccess.Client.OracleException.HandleErrorHelper(Int32 errCode, OracleConnection conn, IntPtr opsErrCtx, OpoSqlValCtx* pOpoSqlValCtx, Object src, String procedure, Boolean bCheck)
   at Oracle.DataAccess.Client.OracleException.HandleError(Int32 errCode, OracleConnection conn, String procedure, IntPtr opsErrCtx, OpoSqlValCtx* pOpoSqlValCtx, Object src, Boolean bCheck)
   at Oracle.DataAccess.Client.OracleCommand.ExecuteNonQuery()
   at DataAccess.OracleHelper.ExcuteNonQuery(String packname, String procname, Object parameter) in d:\Example\Oracle\OracleDemo\DataAccess\OracleHelper.cs:line 101

Function: ExcuteNonQuery
Datetime: 06/07/2017 2:14:59 PM
Error message: ORA-06550: line 1, column 7:
PLS-00306: wrong number or types of arguments in call to 'INSERT_EMPLOYEE'
ORA-06550: line 1, column 7:
PL/SQL: Statement ignored
Stack trace:    at Oracle.DataAccess.Client.OracleException.HandleErrorHelper(Int32 errCode, OracleConnection conn, IntPtr opsErrCtx, OpoSqlValCtx* pOpoSqlValCtx, Object src, String procedure, Boolean bCheck)
   at Oracle.DataAccess.Client.OracleException.HandleError(Int32 errCode, OracleConnection conn, String procedure, IntPtr opsErrCtx, OpoSqlValCtx* pOpoSqlValCtx, Object src, Boolean bCheck)
   at Oracle.DataAccess.Client.OracleCommand.ExecuteNonQuery()
   at DataAccess.OracleHelper.ExcuteNonQuery(String packname, String procname, Object parameter) in d:\Example\Oracle\OracleDemo\DataAccess\OracleHelper.cs:line 101

Function: ExcuteNonQuery
Datetime: 06/07/2017 2:15:05 PM
Error message: ORA-06550: line 1, column 7:
PLS-00306: wrong number or types of arguments in call to 'INSERT_EMPLOYEE'
ORA-06550: line 1, column 7:
PL/SQL: Statement ignored
Stack trace:    at Oracle.DataAccess.Client.OracleException.HandleErrorHelper(Int32 errCode, OracleConnection conn, IntPtr opsErrCtx, OpoSqlValCtx* pOpoSqlValCtx, Object src, String procedure, Boolean bCheck)
   at Oracle.DataAccess.Client.OracleException.HandleError(Int32 errCode, OracleConnection conn, String procedure, IntPtr opsErrCtx, OpoSqlValCtx* pOpoSqlValCtx, Object src, Boolean bCheck)
   at Oracle.DataAccess.Client.OracleCommand.ExecuteNonQuery()
   at DataAccess.OracleHelper.ExcuteNonQuery(String packname, String procname, Object parameter) in d:\Example\Oracle\OracleDemo\DataAccess\OracleHelper.cs:line 101

Function: ExcuteNonQuery
Datetime: 06/07/2017 2:19:01 PM
Error message: ORA-06550: line 1, column 7:
PLS-00306: wrong number or types of arguments in call to 'INSERT_EMPLOYEE'
ORA-06550: line 1, column 7:
PL/SQL: Statement ignored
Stack trace:    at Oracle.DataAccess.Client.OracleException.HandleErrorHelper(Int32 errCode, OracleConnection conn, IntPtr opsErrCtx, OpoSqlValCtx* pOpoSqlValCtx, Object src, String procedure, Boolean bCheck)
   at Oracle.DataAccess.Client.OracleException.HandleError(Int32 errCode, OracleConnection conn, String procedure, IntPtr opsErrCtx, OpoSqlValCtx* pOpoSqlValCtx, Object src, Boolean bCheck)
   at Oracle.DataAccess.Client.OracleCommand.ExecuteNonQuery()
   at DataAccess.OracleHelper.ExcuteNonQuery(String packname, String procname, Object parameter) in d:\Example\Oracle\OracleDemo\DataAccess\OracleHelper.cs:line 101

Function: ExcuteNonQuery
Datetime: 06/07/2017 2:19:07 PM
Error message: ORA-06550: line 1, column 7:
PLS-00306: wrong number or types of arguments in call to 'INSERT_EMPLOYEE'
ORA-06550: line 1, column 7:
PL/SQL: Statement ignored
Stack trace:    at Oracle.DataAccess.Client.OracleException.HandleErrorHelper(Int32 errCode, OracleConnection conn, IntPtr opsErrCtx, OpoSqlValCtx* pOpoSqlValCtx, Object src, String procedure, Boolean bCheck)
   at Oracle.DataAccess.Client.OracleException.HandleError(Int32 errCode, OracleConnection conn, String procedure, IntPtr opsErrCtx, OpoSqlValCtx* pOpoSqlValCtx, Object src, Boolean bCheck)
   at Oracle.DataAccess.Client.OracleCommand.ExecuteNonQuery()
   at DataAccess.OracleHelper.ExcuteNonQuery(String packname, String procname, Object parameter) in d:\Example\Oracle\OracleDemo\DataAccess\OracleHelper.cs:line 101

