Function: ExcuteSelectMultiObject
Datetime: 14/06/2017 02:05:48 PM
Error message: ORA-01722: invalid number
Stack trace:    at Oracle.DataAccess.Client.OracleException.HandleErrorHelper(Int32 errCode, OracleConnection conn, IntPtr opsErrCtx, OpoSqlValCtx* pOpoSqlValCtx, Object src, String procedure, Boolean bCheck)
   at Oracle.DataAccess.Client.OracleException.HandleError(Int32 errCode, OracleConnection conn, IntPtr opsErrCtx, Object src, Boolean bCheck)
   at Oracle.DataAccess.Client.OracleDataReader.Read()
   at DataAccess.DalUtility.LoadObjectListFromDatabase[T](OracleCommand command) in d:\Example\Oracle\OracleDemo\DataAccess\DalUtility.cs:line 145
   at DataAccess.OracleHelper.ExcuteSelectMultiObject[T](String packname, String procname, Object parameter) in d:\Example\Oracle\OracleDemo\DataAccess\OracleHelper.cs:line 33

Function: ExcuteSelectMultiObject
Datetime: 14/06/2017 02:50:56 PM
Error message: ORA-01722: invalid number
Stack trace:    at Oracle.DataAccess.Client.OracleException.HandleErrorHelper(Int32 errCode, OracleConnection conn, IntPtr opsErrCtx, OpoSqlValCtx* pOpoSqlValCtx, Object src, String procedure, Boolean bCheck)
   at Oracle.DataAccess.Client.OracleException.HandleError(Int32 errCode, OracleConnection conn, IntPtr opsErrCtx, Object src, Boolean bCheck)
   at Oracle.DataAccess.Client.OracleDataReader.Read()
   at DataAccess.DalUtility.LoadObjectListFromDatabase[T](OracleCommand command) in d:\Example\Oracle\OracleDemo\DataAccess\DalUtility.cs:line 145
   at DataAccess.OracleHelper.ExcuteSelectMultiObject[T](String packname, String procname, Object parameter) in d:\Example\Oracle\OracleDemo\DataAccess\OracleHelper.cs:line 33

Function: ExcuteSelectMultiObject
Datetime: 14/06/2017 02:54:52 PM
Error message: ORA-01722: invalid number
Stack trace:    at Oracle.DataAccess.Client.OracleException.HandleErrorHelper(Int32 errCode, OracleConnection conn, IntPtr opsErrCtx, OpoSqlValCtx* pOpoSqlValCtx, Object src, String procedure, Boolean bCheck)
   at Oracle.DataAccess.Client.OracleException.HandleError(Int32 errCode, OracleConnection conn, IntPtr opsErrCtx, Object src, Boolean bCheck)
   at Oracle.DataAccess.Client.OracleDataReader.Read()
   at DataAccess.DalUtility.LoadObjectListFromDatabase[T](OracleCommand command) in d:\Example\Oracle\OracleDemo\DataAccess\DalUtility.cs:line 145
   at DataAccess.OracleHelper.ExcuteSelectMultiObject[T](String packname, String procname, Object parameter) in d:\Example\Oracle\OracleDemo\DataAccess\OracleHelper.cs:line 33

Function: ExcuteSelectMultiObject
Datetime: 14/06/2017 02:56:31 PM
Error message: ORA-01722: invalid number
Stack trace:    at Oracle.DataAccess.Client.OracleException.HandleErrorHelper(Int32 errCode, OracleConnection conn, IntPtr opsErrCtx, OpoSqlValCtx* pOpoSqlValCtx, Object src, String procedure, Boolean bCheck)
   at Oracle.DataAccess.Client.OracleException.HandleError(Int32 errCode, OracleConnection conn, IntPtr opsErrCtx, Object src, Boolean bCheck)
   at Oracle.DataAccess.Client.OracleDataReader.Read()
   at DataAccess.DalUtility.LoadObjectListFromDatabase[T](OracleCommand command) in d:\Example\Oracle\OracleDemo\DataAccess\DalUtility.cs:line 145
   at DataAccess.OracleHelper.ExcuteSelectMultiObject[T](String packname, String procname, Object parameter) in d:\Example\Oracle\OracleDemo\DataAccess\OracleHelper.cs:line 33

Function: ExcuteSelectMultiObject
Datetime: 14/06/2017 02:56:54 PM
Error message: ORA-01722: invalid number
Stack trace:    at Oracle.DataAccess.Client.OracleException.HandleErrorHelper(Int32 errCode, OracleConnection conn, IntPtr opsErrCtx, OpoSqlValCtx* pOpoSqlValCtx, Object src, String procedure, Boolean bCheck)
   at Oracle.DataAccess.Client.OracleException.HandleError(Int32 errCode, OracleConnection conn, IntPtr opsErrCtx, Object src, Boolean bCheck)
   at Oracle.DataAccess.Client.OracleDataReader.Read()
   at DataAccess.DalUtility.LoadObjectListFromDatabase[T](OracleCommand command) in d:\Example\Oracle\OracleDemo\DataAccess\DalUtility.cs:line 145
   at DataAccess.OracleHelper.ExcuteSelectMultiObject[T](String packname, String procname, Object parameter) in d:\Example\Oracle\OracleDemo\DataAccess\OracleHelper.cs:line 33

Function: ExcuteSelectMultiObject
Datetime: 14/06/2017 02:58:07 PM
Error message: ORA-01722: invalid number
Stack trace:    at Oracle.DataAccess.Client.OracleException.HandleErrorHelper(Int32 errCode, OracleConnection conn, IntPtr opsErrCtx, OpoSqlValCtx* pOpoSqlValCtx, Object src, String procedure, Boolean bCheck)
   at Oracle.DataAccess.Client.OracleException.HandleError(Int32 errCode, OracleConnection conn, IntPtr opsErrCtx, Object src, Boolean bCheck)
   at Oracle.DataAccess.Client.OracleDataReader.Read()
   at DataAccess.DalUtility.LoadObjectListFromDatabase[T](OracleCommand command) in d:\Example\Oracle\OracleDemo\DataAccess\DalUtility.cs:line 145
   at DataAccess.OracleHelper.ExcuteSelectMultiObject[T](String packname, String procname, Object parameter) in d:\Example\Oracle\OracleDemo\DataAccess\OracleHelper.cs:line 33

Function: ExcuteSelectMultiObject
Datetime: 14/06/2017 03:00:32 PM
Error message: ORA-01722: invalid number
Stack trace:    at Oracle.DataAccess.Client.OracleException.HandleErrorHelper(Int32 errCode, OracleConnection conn, IntPtr opsErrCtx, OpoSqlValCtx* pOpoSqlValCtx, Object src, String procedure, Boolean bCheck)
   at Oracle.DataAccess.Client.OracleException.HandleError(Int32 errCode, OracleConnection conn, IntPtr opsErrCtx, Object src, Boolean bCheck)
   at Oracle.DataAccess.Client.OracleDataReader.Read()
   at DataAccess.DalUtility.LoadObjectListFromDatabase[T](OracleCommand command) in d:\Example\Oracle\OracleDemo\DataAccess\DalUtility.cs:line 145
   at DataAccess.OracleHelper.ExcuteSelectMultiObject[T](String packname, String procname, Object parameter) in d:\Example\Oracle\OracleDemo\DataAccess\OracleHelper.cs:line 33

Function: ExcuteSelectMultiObject
Datetime: 14/06/2017 03:00:36 PM
Error message: ORA-01722: invalid number
Stack trace:    at Oracle.DataAccess.Client.OracleException.HandleErrorHelper(Int32 errCode, OracleConnection conn, IntPtr opsErrCtx, OpoSqlValCtx* pOpoSqlValCtx, Object src, String procedure, Boolean bCheck)
   at Oracle.DataAccess.Client.OracleException.HandleError(Int32 errCode, OracleConnection conn, IntPtr opsErrCtx, Object src, Boolean bCheck)
   at Oracle.DataAccess.Client.OracleDataReader.Read()
   at DataAccess.DalUtility.LoadObjectListFromDatabase[T](OracleCommand command) in d:\Example\Oracle\OracleDemo\DataAccess\DalUtility.cs:line 145
   at DataAccess.OracleHelper.ExcuteSelectMultiObject[T](String packname, String procname, Object parameter) in d:\Example\Oracle\OracleDemo\DataAccess\OracleHelper.cs:line 33

