Function: TestConnection
Datetime: 06/06/2017 10:37:28 PM
Error message: ORA-12514: TNS:listener does not currently know of service requested in connect descriptor
Stack trace:    at Oracle.DataAccess.Client.OracleException.HandleErrorHelper(Int32 errCode, OracleConnection conn, IntPtr opsErrCtx, OpoSqlValCtx* pOpoSqlValCtx, Object src, String procedure, Boolean bCheck)
   at Oracle.DataAccess.Client.OracleException.HandleError(Int32 errCode, OracleConnection conn, IntPtr opsErrCtx, Object src)
   at Oracle.DataAccess.Client.OracleConnection.Open()
   at DataAccess.DBConnection.GetConnection() in d:\Example\Oracle\OracleDemo\DataAccess\DBConnection.cs:line 65
   at DataAccess.DBConnection.TestConnection() in d:\Example\Oracle\OracleDemo\DataAccess\DBConnection.cs:line 40

Function: TestConnection
Datetime: 06/06/2017 10:37:30 PM
Error message: ORA-12514: TNS:listener does not currently know of service requested in connect descriptor
Stack trace:    at Oracle.DataAccess.Client.OracleException.HandleErrorHelper(Int32 errCode, OracleConnection conn, IntPtr opsErrCtx, OpoSqlValCtx* pOpoSqlValCtx, Object src, String procedure, Boolean bCheck)
   at Oracle.DataAccess.Client.OracleException.HandleError(Int32 errCode, OracleConnection conn, IntPtr opsErrCtx, Object src)
   at Oracle.DataAccess.Client.OracleConnection.Open()
   at DataAccess.DBConnection.GetConnection() in d:\Example\Oracle\OracleDemo\DataAccess\DBConnection.cs:line 65
   at DataAccess.DBConnection.TestConnection() in d:\Example\Oracle\OracleDemo\DataAccess\DBConnection.cs:line 40

Function: TestConnection
Datetime: 06/06/2017 10:38:21 PM
Error message: ORA-12514: TNS:listener does not currently know of service requested in connect descriptor
Stack trace:    at Oracle.DataAccess.Client.OracleException.HandleErrorHelper(Int32 errCode, OracleConnection conn, IntPtr opsErrCtx, OpoSqlValCtx* pOpoSqlValCtx, Object src, String procedure, Boolean bCheck)
   at Oracle.DataAccess.Client.OracleException.HandleError(Int32 errCode, OracleConnection conn, IntPtr opsErrCtx, Object src)
   at Oracle.DataAccess.Client.OracleConnection.Open()
   at DataAccess.DBConnection.GetConnection() in d:\Example\Oracle\OracleDemo\DataAccess\DBConnection.cs:line 65
   at DataAccess.DBConnection.TestConnection() in d:\Example\Oracle\OracleDemo\DataAccess\DBConnection.cs:line 40

Function: TestConnection
Datetime: 06/06/2017 10:38:22 PM
Error message: ORA-12514: TNS:listener does not currently know of service requested in connect descriptor
Stack trace:    at Oracle.DataAccess.Client.OracleException.HandleErrorHelper(Int32 errCode, OracleConnection conn, IntPtr opsErrCtx, OpoSqlValCtx* pOpoSqlValCtx, Object src, String procedure, Boolean bCheck)
   at Oracle.DataAccess.Client.OracleException.HandleError(Int32 errCode, OracleConnection conn, IntPtr opsErrCtx, Object src)
   at Oracle.DataAccess.Client.OracleConnection.Open()
   at DataAccess.DBConnection.GetConnection() in d:\Example\Oracle\OracleDemo\DataAccess\DBConnection.cs:line 65
   at DataAccess.DBConnection.TestConnection() in d:\Example\Oracle\OracleDemo\DataAccess\DBConnection.cs:line 40

Function: TestConnection
Datetime: 06/06/2017 10:38:42 PM
Error message: ORA-12514: TNS:listener does not currently know of service requested in connect descriptor
Stack trace:    at Oracle.DataAccess.Client.OracleException.HandleErrorHelper(Int32 errCode, OracleConnection conn, IntPtr opsErrCtx, OpoSqlValCtx* pOpoSqlValCtx, Object src, String procedure, Boolean bCheck)
   at Oracle.DataAccess.Client.OracleException.HandleError(Int32 errCode, OracleConnection conn, IntPtr opsErrCtx, Object src)
   at Oracle.DataAccess.Client.OracleConnection.Open()
   at DataAccess.DBConnection.GetConnection() in d:\Example\Oracle\OracleDemo\DataAccess\DBConnection.cs:line 65
   at DataAccess.DBConnection.TestConnection() in d:\Example\Oracle\OracleDemo\DataAccess\DBConnection.cs:line 40

Function: TestConnection
Datetime: 06/06/2017 10:38:46 PM
Error message: ORA-12514: TNS:listener does not currently know of service requested in connect descriptor
Stack trace:    at Oracle.DataAccess.Client.OracleException.HandleErrorHelper(Int32 errCode, OracleConnection conn, IntPtr opsErrCtx, OpoSqlValCtx* pOpoSqlValCtx, Object src, String procedure, Boolean bCheck)
   at Oracle.DataAccess.Client.OracleException.HandleError(Int32 errCode, OracleConnection conn, IntPtr opsErrCtx, Object src)
   at Oracle.DataAccess.Client.OracleConnection.Open()
   at DataAccess.DBConnection.GetConnection() in d:\Example\Oracle\OracleDemo\DataAccess\DBConnection.cs:line 65
   at DataAccess.DBConnection.TestConnection() in d:\Example\Oracle\OracleDemo\DataAccess\DBConnection.cs:line 40

