Function: TestConnection
Datetime: 20/07/2015 10:38:50 AM
Error message: ORA-12170: TNS:Connect timeout occurred
Stack trace:    at Oracle.DataAccess.Client.OracleException.HandleErrorHelper(Int32 errCode, OracleConnection conn, IntPtr opsErrCtx, OpoSqlValCtx* pOpoSqlValCtx, Object src, String procedure, Boolean bCheck)
   at Oracle.DataAccess.Client.OracleException.HandleError(Int32 errCode, OracleConnection conn, IntPtr opsErrCtx, Object src)
   at Oracle.DataAccess.Client.OracleConnection.Open()
   at HiStaff.Dal.DBConnection.TestConnection(String user, String pass, String server, String port, String service) in D:\TVC\MSM\321.Interface\HiStaff.Auto\HiStaff.Dal\DBConnection.cs:line 64

Function: Auto trans data
Datetime: 20/07/2015 10:42:01 AM
Error message: Could not find a part of the path 'D:\TinhVan\AttendanceBackup\20150716.xml'.
Stack trace:    at System.IO.__Error.WinIOError(Int32 errorCode, String maybeFullPath)
   at System.IO.File.InternalCopy(String sourceFileName, String destFileName, Boolean overwrite)
   at System.IO.File.Copy(String sourceFileName, String destFileName)
   at HiStaff.Auto.frmMain.AsynchronousFunctionWithBGW(BackgroundWorker bgWorker) in D:\TVC\MSM\321.Interface\HiStaff.Auto\HiStaff.Auto\frmMain.cs:line 381

Function: ExcuteNonQuery
Datetime: 20/07/2015 11:31:11 AM
Error message: ORA-03113: end-of-file on communication channel
Process ID: 4324
Session ID: 137 Serial number: 6351
Stack trace:    at Oracle.DataAccess.Client.OracleException.HandleErrorHelper(Int32 errCode, OracleConnection conn, IntPtr opsErrCtx, OpoSqlValCtx* pOpoSqlValCtx, Object src, String procedure, Boolean bCheck)
   at Oracle.DataAccess.Client.OracleException.HandleError(Int32 errCode, OracleConnection conn, IntPtr opsErrCtx, Object src, Boolean bCheck)
   at Oracle.DataAccess.Client.OracleDataReader.Read()
   at HiStaff.Dal.DalUtility.LoadObjectListFromDatabase[T](OracleCommand command) in D:\TVC\MSM\321.Interface\HiStaff.Auto\HiStaff.Dal\DalUtility.cs:line 159
   at HiStaff.Dal.DalUtility.SelectUserArgs(String packname, String procname) in D:\TVC\MSM\321.Interface\HiStaff.Auto\HiStaff.Dal\DalUtility.cs:line 229
   at HiStaff.Dal.OracleHelper.ExcuteNonQuery(String packname, String procname, Object parameter) in D:\TVC\MSM\321.Interface\HiStaff.Auto\HiStaff.Dal\OracleHelper.cs:line 93

Function: Auto trans data
Datetime: 20/07/2015 11:37:21 AM
Error message: Could not find a part of the path 'D:\TinhVan\AttendanceBackup\20150620.xml'.
Stack trace:    at System.IO.__Error.WinIOError(Int32 errorCode, String maybeFullPath)
   at System.IO.File.InternalCopy(String sourceFileName, String destFileName, Boolean overwrite)
   at System.IO.File.Copy(String sourceFileName, String destFileName)
   at HiStaff.Auto.frmMain.AsynchronousFunctionWithBGW(BackgroundWorker bgWorker) in D:\TVC\MSM\321.Interface\HiStaff.Auto\HiStaff.Auto\frmMain.cs:line 381

